6 10 12 2 9 5 16 13 0 14 4 1 19 8 18 11 3 17 15 7 
bbox_diag_length = 421.532
ideal_edge_length = 21.0766
stage = 2
eps_input = 0.421532
eps = 0.233356
eps_simplification = 0.186685
eps_coplanar = 0.000421532
dd = 0.281021
dd_simplification = 0.224817
collapsing 23.8052
swapping 1.07245
#boundary_e1 = 36947
#boundary_e2 = 1203
FAIL subdivide_tets
FAIL subdivide_tets
FAIL subdivide_tets
FAIL subdivide_tets
FAIL subdivide_tets
FAIL subdivide_tets
FAIL subdivide_tets
FAIL subdivide_tets
FAIL subdivide_tets
FAIL subdivide_tets
FAIL subdivide_tets
FAIL subdivide_tets
FAIL subdivide_tets
FAIL subdivide_tets
FAIL subdivide_tets
FAIL subdivide_tets
FAIL subdivide_tets
FAIL subdivide_tets
FAIL subdivide_tets
FAIL subdivide_tets
FAIL subdivide_tets
FAIL subdivide_tets
FAIL subdivide_tets
FAIL subdivide_tets
FAIL subdivide_tets
FAIL subdivide_tets
FAIL subdivide_tets
FAIL subdivide_tets
#boundary_e1 = 36990
#boundary_e2 = 1203
SEMI-FAIL subdivide_tets
SEMI-FAIL subdivide_tets
SEMI-FAIL subdivide_tets
known_surface_fs.size = 12
known_not_surface_fs.size = 0
initializing...
edge collapsing...
fixed 1027 tangled element
success(env) = 34919
success = 39041(1058397)
success(env) = 3241
success = 3346(819109)
success(env) = 261
success = 270(220717)
success(env) = 34
success = 34(22003)
success(env) = 5
success = 5(3226)
success(env) = 0
success = 0(824)
edge collapsing done!
time = 12.5332s
#v = 86782
#t = 539014
max_energy = 1.25578e+13
avg_energy = 1.99349e+08
covered!!!!!!!
FAIL subdivide_tets
covered!!!!!!!
FAIL subdivide_tets
#boundary_e1 = 36953
#boundary_e2 = 1203
known_surface_fs.size = 0
known_not_surface_fs.size = 0
initializing...
//////////////// pass 0 ////////////////
edge splitting...
fixed 270 tangled element
success = 5545(5545)
edge splitting done!
time = 0.307061s
#v = 92436
#t = 570484
max_energy = 1.25578e+13
avg_energy = 1.88376e+08
edge collapsing...
fixed 270 tangled element
success(env) = 53
success = 4526(898302)
success(env) = 17
success = 163(60686)
success(env) = 4
success = 16(7560)
success(env) = 0
success = 2(769)
success(env) = 0
success = 0(8)
edge collapsing done!
time = 5.15833s
#v = 87729
#t = 544345
max_energy = 1.25578e+13
avg_energy = 1.88614e+08
edge swapping...
fixed 268 tangled element
success3 = 54027
success4 = 59010
success5 = 9239
success = 122276(535456)
edge swapping done!
time = 3.96428s
#v = 87729
#t = 499557
max_energy = 4.74636e+12
avg_energy = 6.89721e+07
vertex smoothing...
success = 40182(86983)
vertex smoothing done!
time = 6.82374s
#v = 87729
#t = 499557
max_energy = 4.74636e+12
avg_energy = 6.87586e+07
//////////////// pass 1 ////////////////
edge splitting...
fixed 34 tangled element
success = 1261(1261)
edge splitting done!
time = 0.272235s
#v = 88990
#t = 504659
max_energy = 4.74636e+12
avg_energy = 6.80635e+07
edge collapsing...
fixed 34 tangled element
success(env) = 7484
success = 8691(823447)
success(env) = 488
success = 527(445002)
success(env) = 43
success = 52(57848)
success(env) = 4
success = 5(5785)
success(env) = 0
success = 0(475)
edge collapsing done!
time = 8.38128s
#v = 79715
#t = 454821
max_energy = 4.74636e+12
avg_energy = 2.16805e+07
edge swapping...
fixed 17 tangled element
success3 = 7893
success4 = 21659
success5 = 3448
success = 33000(289637)
edge swapping done!
time = 2.17215s
#v = 79715
#t = 450376
max_energy = 4.74636e+12
avg_energy = 2.1666e+07
vertex smoothing...
success = 31396(78890)
vertex smoothing done!
time = 5.59764s
#v = 79715
#t = 450376
max_energy = 4.74636e+12
avg_energy = 2.16183e+07
//////////////// pass 2 ////////////////
edge splitting...
fixed 12 tangled element
success = 1023(1023)
edge splitting done!
time = 0.244931s
#v = 80738
#t = 453986
max_energy = 4.74636e+12
avg_energy = 2.14464e+07
edge collapsing...
fixed 12 tangled element
success(env) = 1302
success = 2239(770596)
success(env) = 105
success = 141(169135)
success(env) = 8
success = 9(17291)
success(env) = 0
success = 0(1254)
edge collapsing done!
time = 5.82599s
#v = 78349
#t = 442708
max_energy = 4.74636e+12
avg_energy = 2.18079e+07
edge swapping...
fixed 8 tangled element
success3 = 3016
success4 = 10275
success5 = 1664
success = 14955(239639)
edge swapping done!
time = 1.75491s
#v = 78349
#t = 441356
max_energy = 4.74636e+12
avg_energy = 2.18747e+07
vertex smoothing...
success = 24238(77473)
vertex smoothing done!
time = 5.08784s
#v = 78349
#t = 441356
max_energy = 4.74636e+12
avg_energy = 2.18747e+07
#boundary_e1 = 36947
#boundary_e2 = 1203
known_surface_fs.size = 0
known_not_surface_fs.size = 0
initializing...
updating sclaing field ...
filter_energy = 100
is_hit_min_edge_length = 0
enlarge envelope, eps = 0.259284
//////////////// pass 3 ////////////////
edge splitting...
fixed 8 tangled element
success = 6844(6844)
edge splitting done!
time = 0.247089s
#v = 85206
#t = 477591
max_energy = 4.74636e+12
avg_energy = 2.02151e+07
edge collapsing...
fixed 8 tangled element
success(env) = 5301
success = 10676(989164)
success(env) = 739
success = 912(469059)
success(env) = 109
success = 129(106772)
success(env) = 22
success = 26(16571)
success(env) = 4
success = 5(3573)
success(env) = 0
success = 0(528)
edge collapsing done!
time = 10.0535s
#v = 73458
#t = 415372
max_energy = 2.21116e+10
avg_energy = 217670
edge swapping...
fixed 5 tangled element
success3 = 4565
success4 = 13050
success5 = 2251
success = 19866(239986)
edge swapping done!
time = 1.76368s
#v = 73458
#t = 413058
max_energy = 2.21116e+10
avg_energy = 165358
vertex smoothing...
success = 25862(72346)
vertex smoothing done!
time = 4.85776s
#v = 73458
#t = 413058
max_energy = 2.21116e+10
avg_energy = 165357
//////////////// pass 4 ////////////////
edge splitting...
fixed 4 tangled element
success = 1222(1222)
edge splitting done!
time = 0.229386s
#v = 74680
#t = 418182
max_energy = 2.21116e+10
avg_energy = 163331
edge collapsing...
fixed 4 tangled element
success(env) = 1531
success = 2639(933162)
success(env) = 138
success = 178(215324)
success(env) = 13
success = 16(21344)
success(env) = 1
success = 1(2110)
success(env) = 0
success = 0(150)
edge collapsing done!
time = 6.79038s
#v = 71846
#t = 404181
max_energy = 2.21116e+10
avg_energy = 168989
edge swapping...
fixed 4 tangled element
success3 = 2811
success4 = 10178
success5 = 1380
success = 14369(222750)
edge swapping done!
time = 1.54315s
#v = 71846
#t = 402750
max_energy = 2.21116e+10
avg_energy = 54908
vertex smoothing...
success = 21465(70700)
vertex smoothing done!
time = 4.5434s
#v = 71846
#t = 402750
max_energy = 2.21116e+10
avg_energy = 54907.9
//////////////// pass 5 ////////////////
edge splitting...
fixed 1 tangled element
success = 1003(1003)
edge splitting done!
time = 0.214103s
#v = 72849
#t = 406875
max_energy = 2.21116e+10
avg_energy = 54351.3
edge collapsing...
fixed 1 tangled element
success(env) = 724
success = 1614(916937)
success(env) = 63
success = 97(115188)
success(env) = 4
success = 4(9676)
success(env) = 1
success = 1(703)
success(env) = 0
success = 0(128)
edge collapsing done!
time = 6.16848s
#v = 71133
#t = 398916
max_energy = 2.21116e+10
avg_energy = 55435.5
edge swapping...
fixed 1 tangled element
success3 = 1445
success4 = 5923
success5 = 815
success = 8183(205420)
edge swapping done!
time = 1.39382s
#v = 71133
#t = 398286
max_energy = 3956.35
avg_energy = 6.21477
vertex smoothing...
success = 17829(69968)
vertex smoothing done!
time = 4.33578s
#v = 71133
#t = 398286
max_energy = 3956.35
avg_energy = 6.18435
//////////////// pass 6 ////////////////
edge splitting...
fixed 0 tangled element
success = 883(883)
edge splitting done!
time = 0.211129s
#v = 72016
#t = 401837
max_energy = 3956.35
avg_energy = 6.16843
edge collapsing...
fixed 0 tangled element
success(env) = 474
success = 1308(908438)
success(env) = 30
success = 48(80081)
success(env) = 2
success = 3(4828)
success(env) = 0
success = 0(308)
edge collapsing done!
time = 5.3411s
#v = 70657
#t = 395813
max_energy = 3956.35
avg_energy = 6.18788
edge swapping...
fixed 0 tangled element
success3 = 895
success4 = 3845
success5 = 462
success = 5202(196447)
edge swapping done!
time = 1.25655s
#v = 70657
#t = 395380
max_energy = 3956.35
avg_energy = 6.16668
vertex smoothing...
success = 15107(69492)
vertex smoothing done!
time = 4.14689s
#v = 70657
#t = 395380
max_energy = 3956.35
avg_energy = 6.14708
updating sclaing field ...
filter_energy = 39.5635
is_hit_min_edge_length = 0
//////////////// pass 7 ////////////////
edge splitting...
fixed 0 tangled element
success = 1427(1427)
edge splitting done!
time = 0.211827s
#v = 72084
#t = 402010
max_energy = 3752.24
avg_energy = 6.17095
edge collapsing...
fixed 0 tangled element
success(env) = 270
success = 1376(909864)
success(env) = 13
success = 63(64716)
success(env) = 2
success = 10(4716)
success(env) = 0
success = 2(730)
success(env) = 0
success = 1(53)
success(env) = 0
success = 1(40)
success(env) = 0
success = 2(58)
success(env) = 0
success = 0(85)
edge collapsing done!
time = 5.69691s
#v = 70629
#t = 395420
max_energy = 3619.88
avg_energy = 6.12813
edge swapping...
fixed 0 tangled element
success3 = 1002
success4 = 4031
success5 = 575
success = 5608(197869)
edge swapping done!
time = 1.27981s
#v = 70629
#t = 394993
max_energy = 3619.88
avg_energy = 6.09266
vertex smoothing...
success = 13878(69468)
vertex smoothing done!
time = 4.0806s
#v = 70629
#t = 394993
max_energy = 3619.88
avg_energy = 6.06967
//////////////// pass 8 ////////////////
edge splitting...
fixed 0 tangled element
success = 683(683)
edge splitting done!
time = 0.20896s
#v = 71312
#t = 397687
max_energy = 3619.88
avg_energy = 6.05884
edge collapsing...
fixed 0 tangled element
success(env) = 216
success = 827(905678)
success(env) = 11
success = 35(46045)
success(env) = 0
success = 5(2399)
success(env) = 0
success = 0(146)
edge collapsing done!
time = 5.44523s
#v = 70445
#t = 393978
max_energy = 3619.88
avg_energy = 6.07012
edge swapping...
fixed 0 tangled element
success3 = 696
success4 = 2851
success5 = 367
success = 3914(193160)
edge swapping done!
time = 1.27394s
#v = 70445
#t = 393649
max_energy = 3619.88
avg_energy = 6.0511
vertex smoothing...
success = 12614(69273)
vertex smoothing done!
time = 4.10974s
#v = 70445
#t = 393649
max_energy = 3619.88
avg_energy = 6.03588
updating sclaing field ...
filter_energy = 36.1988
is_hit_min_edge_length = 0
//////////////// pass 9 ////////////////
edge splitting...
fixed 0 tangled element
success = 602(602)
edge splitting done!
time = 0.20947s
#v = 71047
#t = 396127
max_energy = 3619.88
avg_energy = 6.21045
edge collapsing...
fixed 0 tangled element
success(env) = 151
success = 660(910537)
success(env) = 13
success = 28(32649)
success(env) = 1
success = 1(2045)
success(env) = 0
success = 0(116)
edge collapsing done!
time = 5.43293s
#v = 70358
#t = 393273
max_energy = 3619.88
avg_energy = 5.98532
edge swapping...
fixed 0 tangled element
success3 = 522
success4 = 2243
success5 = 286
success = 3051(190730)
edge swapping done!
time = 1.30671s
#v = 70358
#t = 393037
max_energy = 3619.88
avg_energy = 5.96449
vertex smoothing...
success = 11576(69197)
vertex smoothing done!
time = 4.0446s
#v = 70358
#t = 393037
max_energy = 3619.88
avg_energy = 5.95295
//////////////// pass 10 ////////////////
edge splitting...
fixed 0 tangled element
success = 365(365)
edge splitting done!
time = 0.221896s
#v = 70723
#t = 394230
max_energy = 3619.88
avg_energy = 5.94891
edge collapsing...
fixed 0 tangled element
success(env) = 112
success = 479(908284)
success(env) = 9
success = 18(24145)
success(env) = 2
success = 4(2315)
success(env) = 0
success = 0(500)
edge collapsing done!
time = 5.23623s
#v = 70222
#t = 392329
max_energy = 3619.88
avg_energy = 5.95503
edge swapping...
fixed 0 tangled element
success3 = 360
success4 = 1587
success5 = 183
success = 2130(187867)
edge swapping done!
time = 1.18146s
#v = 70222
#t = 392152
max_energy = 3619.88
avg_energy = 5.94721
vertex smoothing...
success = 10614(69073)
vertex smoothing done!
time = 3.91009s
#v = 70222
#t = 392152
max_energy = 3619.88
avg_energy = 5.93114
updating sclaing field ...
filter_energy = 36.1988
is_hit_min_edge_length = 0
//////////////// pass 11 ////////////////
edge splitting...
fixed 0 tangled element
success = 357(357)
edge splitting done!
time = 0.206368s
#v = 70579
#t = 393307
max_energy = 3288.07
avg_energy = 6.0811
edge collapsing...
fixed 0 tangled element
success(env) = 93
success = 425(910465)
success(env) = 3
success = 10(17654)
success(env) = 1
success = 1(717)
success(env) = 1
success = 1(102)
success(env) = 0
success = 0(223)
edge collapsing done!
time = 5.0983s
#v = 70142
#t = 391716
max_energy = 927.426
avg_energy = 5.89825
edge swapping...
fixed 0 tangled element
success3 = 231
success4 = 1084
success5 = 115
success = 1430(185793)
edge swapping done!
time = 1.24173s
#v = 70142
#t = 391600
max_energy = 927.426
avg_energy = 5.89382
vertex smoothing...
success = 9798(69000)
vertex smoothing done!
time = 3.93073s
#v = 70142
#t = 391600
max_energy = 927.426
avg_energy = 5.88876
//////////////// pass 12 ////////////////
edge splitting...
fixed 0 tangled element
success = 317(317)
edge splitting done!
time = 0.204412s
#v = 70459
#t = 392537
max_energy = 927.426
avg_energy = 5.88555
edge collapsing...
fixed 0 tangled element
success(env) = 55
success = 362(909234)
success(env) = 1
success = 8(12962)
success(env) = 0
success = 1(433)
success(env) = 0
success = 0(185)
edge collapsing done!
time = 5.01465s
#v = 70088
#t = 391306
max_energy = 927.426
avg_energy = 5.88917
edge swapping...
fixed 0 tangled element
success3 = 178
success4 = 822
success5 = 87
success = 1087(184703)
edge swapping done!
time = 1.22564s
#v = 70088
#t = 391215
max_energy = 927.426
avg_energy = 5.88589
vertex smoothing...
success = 8993(68949)
vertex smoothing done!
time = 3.88585s
#v = 70088
#t = 391215
max_energy = 927.426
avg_energy = 5.88243
updating sclaing field ...
filter_energy = 9.27426
is_hit_min_edge_length = 0
//////////////// pass 13 ////////////////
edge splitting...
fixed 0 tangled element
success = 6731(6731)
edge splitting done!
time = 0.250434s
#v = 76819
#t = 425828
max_energy = 995.708
avg_energy = 5.79585
edge collapsing...
fixed 0 tangled element
success(env) = 141
success = 4086(895419)
success(env) = 18
success = 353(79012)
success(env) = 2
success = 46(12498)
success(env) = 3
success = 15(1890)
success(env) = 1
success = 10(551)
success(env) = 1
success = 4(246)
success(env) = 0
success = 0(83)
edge collapsing done!
time = 5.82937s
#v = 72305
#t = 403829
max_energy = 36.0929
avg_energy = 5.81849
edge swapping...
fixed 0 tangled element
success3 = 1156
success4 = 5098
success5 = 925
success = 7179(209033)
edge swapping done!
time = 1.48883s
#v = 72305
#t = 403598
max_energy = 36.0929
avg_energy = 5.76194
vertex smoothing...
success = 12431(70956)
vertex smoothing done!
time = 4.06728s
#v = 72305
#t = 403598
max_energy = 30.759
avg_energy = 5.7273
//////////////// pass 14 ////////////////
edge splitting...
fixed 0 tangled element
success = 2049(2049)
edge splitting done!
time = 0.219531s
#v = 74354
#t = 413200
max_energy = 30.759
avg_energy = 5.70003
edge collapsing...
fixed 0 tangled element
success(env) = 197
success = 2095(887250)
success(env) = 22
success = 76(62445)
success(env) = 0
success = 4(3128)
success(env) = 0
success = 0(164)
edge collapsing done!
time = 5.31001s
#v = 72179
#t = 403073
max_energy = 30.759
avg_energy = 5.7276
edge swapping...
fixed 0 tangled element
success3 = 861
success4 = 3780
success5 = 516
success = 5157(204540)
edge swapping done!
time = 1.37016s
#v = 72179
#t = 402728
max_energy = 30.759
avg_energy = 5.7009
vertex smoothing...
success = 12656(70836)
vertex smoothing done!
time = 4.147s
#v = 72179
#t = 402728
max_energy = 30.759
avg_energy = 5.68042
updating sclaing field ...
filter_energy = 8
is_hit_min_edge_length = 0
//////////////// pass 15 ////////////////
edge splitting...
fixed 0 tangled element
success = 42063(42063)
edge splitting done!
time = 0.40451s
#v = 114242
#t = 630180
max_energy = 43.1668
avg_energy = 5.3985
edge collapsing...
fixed 0 tangled element
success(env) = 827
success = 25796(927790)
success(env) = 90
success = 1898(318199)
success(env) = 14
success = 235(71570)
success(env) = 4
success = 46(9583)
success(env) = 0
success = 3(1869)
success(env) = 0
success = 1(208)
success(env) = 0
success = 0(48)
edge collapsing done!
time = 8.25112s
#v = 86263
#t = 489909
max_energy = 29.7014
avg_energy = 5.3073
edge swapping...
fixed 0 tangled element
success3 = 6335
success4 = 27834
success5 = 4590
success = 38759(355503)
edge swapping done!
time = 3.09772s
#v = 86263
#t = 488164
max_energy = 28.9005
avg_energy = 5.06967
vertex smoothing...
success = 34671(84782)
vertex smoothing done!
time = 5.05028s
#v = 86263
#t = 488164
max_energy = 28.6572
avg_energy = 4.90936
//////////////// pass 16 ////////////////
edge splitting...
fixed 0 tangled element
success = 9013(9013)
edge splitting done!
time = 0.310235s
#v = 95276
#t = 532089
max_energy = 28.6572
avg_energy = 4.87035
edge collapsing...
fixed 0 tangled element
success(env) = 845
success = 8881(877463)
success(env) = 56
success = 350(195780)
success(env) = 8
success = 39(14438)
success(env) = 9
success = 18(2038)
success(env) = 0
success = 2(702)
success(env) = 0
success = 2(82)
success(env) = 1
success = 2(42)
success(env) = 0
success = 1(12)
success(env) = 0
success = 0(8)
edge collapsing done!
time = 6.6059s
#v = 85981
#t = 487134
max_energy = 28.6572
avg_energy = 4.90541
edge swapping...
fixed 0 tangled element
success3 = 3028
success4 = 15831
success5 = 2069
success = 20928(314353)
edge swapping done!
time = 2.10571s
#v = 85981
#t = 486175
max_energy = 28.6572
avg_energy = 4.83733
vertex smoothing...
success = 35390(84497)
vertex smoothing done!
time = 4.9291s
#v = 85981
#t = 486175
max_energy = 28.6572
avg_energy = 4.76348
updating sclaing field ...
filter_energy = 8
is_hit_min_edge_length = 0
//////////////// pass 17 ////////////////
edge splitting...
fixed 0 tangled element
success = 106015(106015)
edge splitting done!
time = 0.878465s
#v = 191996
#t = 1053987
max_energy = 32.9322
avg_energy = 4.70932
edge collapsing...
fixed 0 tangled element
success(env) = 4372
success = 65836(1011360)
success(env) = 369
success = 5121(533520)
success(env) = 50
success = 643(128337)
success(env) = 8
success = 132(17846)
success(env) = 4
success = 30(3284)
success(env) = 1
success = 12(843)
success(env) = 0
success = 2(237)
success(env) = 0
success = 0(29)
edge collapsing done!
time = 10.8251s
#v = 120220
#t = 691236
max_energy = 22.4172
avg_energy = 4.47887
edge swapping...
fixed 0 tangled element
success3 = 7488
success4 = 41028
success5 = 4596
success = 53112(541079)
edge swapping done!
time = 5.25105s
#v = 120220
#t = 688344
max_energy = 22.4172
avg_energy = 4.33301
vertex smoothing...
success = 75126(118755)
vertex smoothing done!
time = 6.52522s
#v = 120220
#t = 688344
max_energy = 22.4172
avg_energy = 4.14292
//////////////// pass 18 ////////////////
edge splitting...
fixed 0 tangled element
success = 26521(26521)
edge splitting done!
time = 0.506614s
#v = 146741
#t = 818373
max_energy = 22.4172
avg_energy = 4.18851
edge collapsing...
fixed 0 tangled element
success(env) = 2438
success = 26139(845754)
success(env) = 132
success = 1011(348286)
success(env) = 10
success = 105(28137)
success(env) = 4
success = 24(2888)
success(env) = 0
success = 3(650)
success(env) = 0
success = 0(61)
edge collapsing done!
time = 7.01437s
#v = 119459
#t = 685617
max_energy = 22.4172
avg_energy = 4.14763
edge swapping...
fixed 0 tangled element
success3 = 2698
success4 = 21543
success5 = 1769
success = 26010(480205)
edge swapping done!
time = 3.18552s
#v = 119459
#t = 684688
max_energy = 22.4172
avg_energy = 4.11118
vertex smoothing...
success = 72276(118003)
vertex smoothing done!
time = 6.46033s
#v = 119459
#t = 684688
max_energy = 22.4172
avg_energy = 4.03096
updating sclaing field ...
filter_energy = 8
is_hit_min_edge_length = 0
//////////////// pass 19 ////////////////
edge splitting...
fixed 0 tangled element
success = 29521(29521)
edge splitting done!
time = 0.541759s
#v = 148980
#t = 838077
max_energy = 23.3038
avg_energy = 4.13523
edge collapsing...
fixed 0 tangled element
success(env) = 3253
success = 21419(1311728)
success(env) = 274
success = 1522(334275)
success(env) = 40
success = 198(38774)
success(env) = 4
success = 39(5659)
success(env) = 1
success = 5(1313)
success(env) = 0
success = 0(210)
edge collapsing done!
time = 10.2247s
#v = 125797
#t = 721546
max_energy = 11.7925
avg_energy = 4.035
edge swapping...
fixed 0 tangled element
